2018-03-11 12:31:39,639 YAOZHI_ZYFZ.py[line:49] INFO 等待
2018-03-11 12:31:40,669 YAOZHI_ZYFZ.py[line:49] INFO 等待
2018-03-11 12:31:41,689 YAOZHI_ZYFZ.py[line:49] INFO 等待
2018-03-11 12:31:42,723 YAOZHI_ZYFZ.py[line:49] INFO 等待
2018-03-11 12:31:43,752 YAOZHI_ZYFZ.py[line:49] INFO 等待
2018-03-11 12:31:46,038 YAOZHI_ZYFZ.py[line:53] INFO 登陆成功
2018-03-11 13:01:17,691 YAOZHI_ZYFZ.py[line:54] INFO 登陆中，请等待
2018-03-11 13:01:19,709 YAOZHI_ZYFZ.py[line:54] INFO 登陆中，请等待
2018-03-11 13:01:21,989 YAOZHI_ZYFZ.py[line:57] INFO 登陆成功
2018-03-11 13:55:23,101 YAOZHI_ZYFZ.py[line:52] INFO 登陆中，请等待
2018-03-11 13:55:25,119 YAOZHI_ZYFZ.py[line:52] INFO 登陆中，请等待
2018-03-11 13:55:27,348 YAOZHI_ZYFZ.py[line:55] INFO 登陆成功
2018-03-11 14:06:07,695 YAOZHI_ZYFZ.py[line:52] INFO 登陆中，请等待
2018-03-11 14:06:09,719 YAOZHI_ZYFZ.py[line:52] INFO 登陆中，请等待
2018-03-11 14:06:12,251 YAOZHI_ZYFZ.py[line:55] INFO 登陆成功
2018-03-11 14:16:57,136 YAOZHI_ZYFZ.py[line:51] INFO 登陆中，请等待
2018-03-11 14:16:59,157 YAOZHI_ZYFZ.py[line:51] INFO 登陆中，请等待
2018-03-11 14:17:01,383 YAOZHI_ZYFZ.py[line:54] INFO 登陆成功
2018-03-11 14:19:03,273 YAOZHI_ZYFZ.py[line:51] INFO 登陆中，请等待
2018-03-11 14:19:05,295 YAOZHI_ZYFZ.py[line:51] INFO 登陆中，请等待
2018-03-11 14:19:07,318 YAOZHI_ZYFZ.py[line:54] INFO 登陆成功
2018-03-11 14:25:32,609 YAOZHI_ZYFZ.py[line:51] INFO 登陆中，请等待
2018-03-11 14:25:34,625 YAOZHI_ZYFZ.py[line:51] INFO 登陆中，请等待
2018-03-11 14:25:36,748 YAOZHI_ZYFZ.py[line:54] INFO 登陆成功
2018-03-11 14:31:17,950 YAOZHI_ZYFZ.py[line:52] INFO 登陆中，请等待
2018-03-11 14:31:19,974 YAOZHI_ZYFZ.py[line:52] INFO 登陆中，请等待
2018-03-11 14:31:22,203 YAOZHI_ZYFZ.py[line:55] INFO 登陆成功
2018-03-11 14:50:34,794 YAOZHI_ZYFZ.py[line:66] INFO 登陆中，请等待
2018-03-11 15:22:02,506 YAOZHI_ZYFZ.py[line:75] INFO 登陆中，请等待
2018-03-11 15:22:04,567 YAOZHI_ZYFZ.py[line:75] INFO 登陆中，请等待
2018-03-11 15:22:06,622 YAOZHI_ZYFZ.py[line:78] INFO 登陆成功
2018-03-11 15:31:28,660 YAOZHI_ZYFZ.py[line:75] INFO 登陆中，请等待
2018-03-11 15:31:30,681 YAOZHI_ZYFZ.py[line:75] INFO 登陆中，请等待
2018-03-11 15:31:32,995 YAOZHI_ZYFZ.py[line:78] INFO 登陆成功
2018-03-11 15:32:33,068 YAOZHI_ZYFZ.py[line:75] INFO 登陆中，请等待
2018-03-11 15:32:35,089 YAOZHI_ZYFZ.py[line:75] INFO 登陆中，请等待
2018-03-11 15:32:37,109 YAOZHI_ZYFZ.py[line:78] INFO 登陆成功
2018-03-11 15:33:20,499 YAOZHI_ZYFZ.py[line:75] INFO 登陆中，请等待
2018-03-11 15:33:22,527 YAOZHI_ZYFZ.py[line:75] INFO 登陆中，请等待
2018-03-11 15:33:24,550 YAOZHI_ZYFZ.py[line:78] INFO 登陆成功
2018-03-11 15:36:30,064 YAOZHI_ZYFZ.py[line:129] INFO url初始结束！！！
2018-03-11 15:36:36,188 YAOZHI_ZYFZ.py[line:75] INFO 登陆中，请等待
2018-03-11 15:36:38,209 YAOZHI_ZYFZ.py[line:75] INFO 登陆中，请等待
2018-03-11 15:36:40,247 YAOZHI_ZYFZ.py[line:78] INFO 登陆成功
2018-03-11 15:37:37,035 YAOZHI_ZYFZ.py[line:75] INFO 登陆中，请等待
2018-03-11 15:37:39,056 YAOZHI_ZYFZ.py[line:75] INFO 登陆中，请等待
2018-03-11 15:52:55,898 YAOZHI_ZYFZ.py[line:75] INFO 登陆中，请等待
2018-03-11 15:52:57,923 YAOZHI_ZYFZ.py[line:75] INFO 登陆中，请等待
2018-03-11 15:53:00,252 YAOZHI_ZYFZ.py[line:78] INFO 登陆成功
2018-03-11 15:59:01,748 YAOZHI_ZYFZ.py[line:129] INFO url初始结束！！！
2018-03-11 15:59:58,769 YAOZHI_ZYFZ.py[line:75] INFO 登陆中，请等待
2018-03-11 16:00:00,789 YAOZHI_ZYFZ.py[line:75] INFO 登陆中，请等待
2018-03-11 16:00:02,816 YAOZHI_ZYFZ.py[line:78] INFO 登陆成功
2018-03-11 16:00:52,911 YAOZHI_ZYFZ.py[line:75] INFO 登陆中，请等待
2018-03-11 16:00:54,935 YAOZHI_ZYFZ.py[line:75] INFO 登陆中，请等待
2018-03-11 16:00:57,075 YAOZHI_ZYFZ.py[line:78] INFO 登陆成功
2018-03-11 16:01:55,962 YAOZHI_ZYFZ.py[line:75] INFO 登陆中，请等待
2018-03-11 16:01:57,982 YAOZHI_ZYFZ.py[line:75] INFO 登陆中，请等待
2018-03-11 16:02:00,152 YAOZHI_ZYFZ.py[line:78] INFO 登陆成功
2018-03-11 16:17:06,158 YAOZHI_ZYFZ.py[line:82] INFO 登陆中，请等待
2018-03-11 16:17:08,184 YAOZHI_ZYFZ.py[line:82] INFO 登陆中，请等待
2018-03-11 16:17:10,486 YAOZHI_ZYFZ.py[line:85] INFO 登陆成功
2018-03-11 16:20:15,882 YAOZHI_ZYFZ.py[line:82] INFO 登陆中，请等待
2018-03-11 16:20:17,901 YAOZHI_ZYFZ.py[line:82] INFO 登陆中，请等待
2018-03-11 16:20:19,946 YAOZHI_ZYFZ.py[line:85] INFO 登陆成功
2018-03-11 16:47:38,857 YAOZHI_ZYFZ.py[line:82] INFO 登陆中，请等待
2018-03-11 16:47:40,883 YAOZHI_ZYFZ.py[line:82] INFO 登陆中，请等待
2018-03-11 16:47:43,181 YAOZHI_ZYFZ.py[line:85] INFO 登陆成功
2018-03-11 16:49:03,294 YAOZHI_ZYFZ.py[line:82] INFO 登陆中，请等待
2018-03-11 16:49:05,313 YAOZHI_ZYFZ.py[line:82] INFO 登陆中，请等待
2018-03-11 16:49:07,342 YAOZHI_ZYFZ.py[line:85] INFO 登陆成功
2018-03-11 16:49:29,367 YAOZHI_ZYFZ.py[line:82] INFO 登陆中，请等待
2018-03-11 16:49:31,385 YAOZHI_ZYFZ.py[line:82] INFO 登陆中，请等待
2018-03-11 16:49:33,406 YAOZHI_ZYFZ.py[line:85] INFO 登陆成功
2018-03-11 16:49:51,877 YAOZHI_ZYFZ.py[line:82] INFO 登陆中，请等待
2018-03-11 16:49:53,895 YAOZHI_ZYFZ.py[line:82] INFO 登陆中，请等待
2018-03-11 16:49:55,916 YAOZHI_ZYFZ.py[line:85] INFO 登陆成功
2018-03-11 16:53:00,824 YAOZHI_ZYFZ.py[line:82] INFO 登陆中，请等待
2018-03-11 16:53:02,841 YAOZHI_ZYFZ.py[line:82] INFO 登陆中，请等待
2018-03-11 16:53:04,872 YAOZHI_ZYFZ.py[line:85] INFO 登陆成功
2018-03-11 17:16:22,594 YAOZHI_ZYFZ.py[line:148] INFO url初始结束！！！
2018-03-11 17:16:29,747 YAOZHI_ZYFZ.py[line:84] INFO 登陆中，请等待
2018-03-11 17:16:31,766 YAOZHI_ZYFZ.py[line:84] INFO 登陆中，请等待
2018-03-11 17:16:34,218 YAOZHI_ZYFZ.py[line:87] INFO 登陆成功
2018-03-11 17:18:53,490 YAOZHI_ZYFZ.py[line:150] INFO url初始结束！！！
2018-03-11 17:19:00,476 YAOZHI_ZYFZ.py[line:84] INFO 登陆中，请等待
2018-03-11 17:19:02,497 YAOZHI_ZYFZ.py[line:84] INFO 登陆中，请等待
2018-03-11 17:19:04,545 YAOZHI_ZYFZ.py[line:87] INFO 登陆成功
2018-03-11 17:22:46,867 YAOZHI_ZYFZ.py[line:152] INFO url初始结束！！！
2018-03-11 17:22:53,413 YAOZHI_ZYFZ.py[line:84] INFO 登陆中，请等待
2018-03-11 17:22:55,442 YAOZHI_ZYFZ.py[line:84] INFO 登陆中，请等待
2018-03-11 17:22:57,810 YAOZHI_ZYFZ.py[line:87] INFO 登陆成功
2018-03-11 17:32:47,143 YAOZHI_ZYFZ.py[line:159] INFO url初始结束！！！
2018-03-11 17:33:04,430 YAOZHI_ZYFZ.py[line:84] INFO 登陆中，请等待
2018-03-11 17:33:06,454 YAOZHI_ZYFZ.py[line:84] INFO 登陆中，请等待
2018-03-11 17:33:08,651 YAOZHI_ZYFZ.py[line:87] INFO 登陆成功
2018-03-11 17:36:00,708 YAOZHI_ZYFZ.py[line:159] INFO url初始结束！！！
2018-03-11 17:36:07,214 YAOZHI_ZYFZ.py[line:84] INFO 登陆中，请等待
2018-03-11 17:36:09,246 YAOZHI_ZYFZ.py[line:84] INFO 登陆中，请等待
2018-03-11 17:36:12,937 YAOZHI_ZYFZ.py[line:87] INFO 登陆成功
2018-03-11 17:40:35,930 YAOZHI_ZYFZ.py[line:159] INFO url初始结束！！！
2018-03-11 17:40:42,051 YAOZHI_ZYFZ.py[line:84] INFO 登陆中，请等待
2018-03-11 17:40:44,070 YAOZHI_ZYFZ.py[line:84] INFO 登陆中，请等待
2018-03-11 17:40:46,089 YAOZHI_ZYFZ.py[line:87] INFO 登陆成功
2018-03-11 17:40:58,064 YAOZHI_ZYFZ.py[line:110] ERROR https://db.yaozh.com/fangji/10000001.html
2018-03-11 17:44:06,093 YAOZHI_ZYFZ.py[line:84] INFO 登陆中，请等待
2018-03-11 17:44:08,113 YAOZHI_ZYFZ.py[line:84] INFO 登陆中，请等待
2018-03-11 17:44:10,137 YAOZHI_ZYFZ.py[line:87] INFO 登陆成功
2018-03-11 17:44:20,729 YAOZHI_ZYFZ.py[line:110] ERROR https://db.yaozh.com/fangji/10000001.html
2018-03-11 17:44:51,896 YAOZHI_ZYFZ.py[line:84] INFO 登陆中，请等待
2018-03-11 17:44:53,920 YAOZHI_ZYFZ.py[line:84] INFO 登陆中，请等待
2018-03-11 17:44:56,055 YAOZHI_ZYFZ.py[line:87] INFO 登陆成功
2018-03-11 17:46:13,669 YAOZHI_ZYFZ.py[line:84] INFO 登陆中，请等待
2018-03-11 17:46:15,690 YAOZHI_ZYFZ.py[line:84] INFO 登陆中，请等待
2018-03-11 17:46:17,719 YAOZHI_ZYFZ.py[line:87] INFO 登陆成功
2018-03-11 17:46:45,785 YAOZHI_ZYFZ.py[line:84] INFO 登陆中，请等待
2018-03-11 17:46:47,810 YAOZHI_ZYFZ.py[line:84] INFO 登陆中，请等待
2018-03-11 17:46:49,853 YAOZHI_ZYFZ.py[line:87] INFO 登陆成功
2018-03-11 17:48:09,449 YAOZHI_ZYFZ.py[line:86] INFO 登陆中，请等待
2018-03-11 17:48:11,467 YAOZHI_ZYFZ.py[line:86] INFO 登陆中，请等待
2018-03-11 17:48:13,721 YAOZHI_ZYFZ.py[line:89] INFO 登陆成功
2018-03-11 17:49:47,637 YAOZHI_ZYFZ.py[line:161] INFO url初始结束！！！
2018-03-11 17:49:53,715 YAOZHI_ZYFZ.py[line:86] INFO 登陆中，请等待
2018-03-11 17:49:55,734 YAOZHI_ZYFZ.py[line:86] INFO 登陆中，请等待
2018-03-11 17:49:57,885 YAOZHI_ZYFZ.py[line:89] INFO 登陆成功
